# BEFORE snapshot: 2026-06-18T15:12:07-07:00
org.gnome.shell.keybindings switch-to-application-1 ['<Super>1']
org.gnome.shell.keybindings switch-to-application-2 ['<Super>2']
org.gnome.shell.keybindings switch-to-application-3 ['<Super>3']
org.gnome.shell.keybindings switch-to-application-4 ['<Super>4']
org.gnome.shell.keybindings switch-to-application-5 ['<Super>5']
org.gnome.shell.keybindings switch-to-application-6 ['<Super>6']
org.gnome.shell.keybindings switch-to-application-7 ['<Super>7']
org.gnome.shell.keybindings switch-to-application-8 ['<Super>8']
org.gnome.shell.keybindings switch-to-application-9 ['<Super>9']
org.gnome.desktop.wm.keybindings move-to-workspace-1 ['<Super><Shift>Home']
org.gnome.desktop.wm.keybindings move-to-workspace-10 @as []
org.gnome.desktop.wm.keybindings move-to-workspace-11 @as []
org.gnome.desktop.wm.keybindings move-to-workspace-12 @as []
org.gnome.desktop.wm.keybindings move-to-workspace-2 @as []
org.gnome.desktop.wm.keybindings move-to-workspace-3 @as []
org.gnome.desktop.wm.keybindings move-to-workspace-4 @as []
org.gnome.desktop.wm.keybindings move-to-workspace-5 @as []
org.gnome.desktop.wm.keybindings move-to-workspace-6 @as []
org.gnome.desktop.wm.keybindings move-to-workspace-7 @as []
org.gnome.desktop.wm.keybindings move-to-workspace-8 @as []
org.gnome.desktop.wm.keybindings move-to-workspace-9 @as []
org.gnome.desktop.wm.keybindings switch-to-workspace-1 ['<Super>Home']
org.gnome.desktop.wm.keybindings switch-to-workspace-10 @as []
org.gnome.desktop.wm.keybindings switch-to-workspace-11 @as []
org.gnome.desktop.wm.keybindings switch-to-workspace-12 @as []
org.gnome.desktop.wm.keybindings switch-to-workspace-2 @as []
org.gnome.desktop.wm.keybindings switch-to-workspace-3 @as []
org.gnome.desktop.wm.keybindings switch-to-workspace-4 @as []
org.gnome.desktop.wm.keybindings switch-to-workspace-5 @as []
org.gnome.desktop.wm.keybindings switch-to-workspace-6 @as []
org.gnome.desktop.wm.keybindings switch-to-workspace-7 @as []
org.gnome.desktop.wm.keybindings switch-to-workspace-8 @as []
org.gnome.desktop.wm.keybindings switch-to-workspace-9 @as []
# AFTER snapshot: 2026-06-18T15:12:08-07:00
org.gnome.desktop.wm.keybindings move-to-workspace-1 ['<Super><Shift>1', '<Super><Shift>Home']
org.gnome.desktop.wm.keybindings move-to-workspace-10 @as []
org.gnome.desktop.wm.keybindings move-to-workspace-11 @as []
org.gnome.desktop.wm.keybindings move-to-workspace-12 @as []
org.gnome.desktop.wm.keybindings move-to-workspace-2 ['<Super><Shift>2']
org.gnome.desktop.wm.keybindings move-to-workspace-3 ['<Super><Shift>3']
org.gnome.desktop.wm.keybindings move-to-workspace-4 ['<Super><Shift>4']
org.gnome.desktop.wm.keybindings move-to-workspace-5 ['<Super><Shift>5']
org.gnome.desktop.wm.keybindings move-to-workspace-6 ['<Super><Shift>6']
org.gnome.desktop.wm.keybindings move-to-workspace-7 ['<Super><Shift>7']
org.gnome.desktop.wm.keybindings move-to-workspace-8 ['<Super><Shift>8']
org.gnome.desktop.wm.keybindings move-to-workspace-9 ['<Super><Shift>9']
org.gnome.desktop.wm.keybindings switch-to-workspace-1 ['<Super>1', '<Super>Home']
org.gnome.desktop.wm.keybindings switch-to-workspace-10 @as []
org.gnome.desktop.wm.keybindings switch-to-workspace-11 @as []
org.gnome.desktop.wm.keybindings switch-to-workspace-12 @as []
org.gnome.desktop.wm.keybindings switch-to-workspace-2 ['<Super>2']
org.gnome.desktop.wm.keybindings switch-to-workspace-3 ['<Super>3']
org.gnome.desktop.wm.keybindings switch-to-workspace-4 ['<Super>4']
org.gnome.desktop.wm.keybindings switch-to-workspace-5 ['<Super>5']
org.gnome.desktop.wm.keybindings switch-to-workspace-6 ['<Super>6']
org.gnome.desktop.wm.keybindings switch-to-workspace-7 ['<Super>7']
org.gnome.desktop.wm.keybindings switch-to-workspace-8 ['<Super>8']
org.gnome.desktop.wm.keybindings switch-to-workspace-9 ['<Super>9']
org.gnome.shell.keybindings switch-to-application-1 @as []
org.gnome.shell.keybindings switch-to-application-2 @as []
org.gnome.shell.keybindings switch-to-application-3 @as []
org.gnome.shell.keybindings switch-to-application-4 @as []
org.gnome.shell.keybindings switch-to-application-5 @as []
org.gnome.shell.keybindings switch-to-application-6 @as []
org.gnome.shell.keybindings switch-to-application-7 @as []
org.gnome.shell.keybindings switch-to-application-8 @as []
org.gnome.shell.keybindings switch-to-application-9 @as []
